2019-04-21 14:45:22 [background-preinit] DEBUG org.hibernate.validator.messageinterpolation.ResourceBundleMessageInterpolator - Loaded expression factory via original TCCL
2019-04-21 14:45:22 [main] DEBUG com.tmall.GoodsServiceApplicationTests - Running with Spring Boot v2.0.3.RELEASE, Spring v5.0.7.RELEASE
2019-04-21 14:45:22 [background-preinit] DEBUG org.hibernate.validator.internal.engine.ValidatorFactoryImpl - HV000234: Using org.hibernate.validator.messageinterpolation.ResourceBundleMessageInterpolator as ValidatorFactory-scoped message interpolator.
2019-04-21 14:45:22 [background-preinit] DEBUG org.hibernate.validator.internal.engine.ValidatorFactoryImpl - HV000234: Using org.hibernate.validator.internal.engine.resolver.TraverseAllTraversableResolver as ValidatorFactory-scoped traversable resolver.
2019-04-21 14:45:22 [background-preinit] DEBUG org.hibernate.validator.internal.engine.ValidatorFactoryImpl - HV000234: Using org.hibernate.validator.internal.util.ExecutableParameterNameProvider as ValidatorFactory-scoped parameter name provider.
2019-04-21 14:45:22 [background-preinit] DEBUG org.hibernate.validator.internal.engine.ValidatorFactoryImpl - HV000234: Using org.hibernate.validator.internal.engine.DefaultClockProvider as ValidatorFactory-scoped clock provider.
2019-04-21 14:45:22 [background-preinit] DEBUG org.hibernate.validator.internal.engine.ValidatorFactoryImpl - HV000234: Using org.hibernate.validator.internal.engine.scripting.DefaultScriptEvaluatorFactory as ValidatorFactory-scoped script evaluator factory.
2019-04-21 14:45:23 [main] DEBUG com.zaxxer.hikari.HikariConfig - Driver class com.mysql.jdbc.Driver found in Thread context class loader sun.misc.Launcher$AppClassLoader@18b4aac2
2019-04-21 14:45:24 [main] DEBUG org.hibernate.validator.internal.engine.resolver.TraversableResolvers - Cannot find javax.persistence.Persistence on classpath. Assuming non JPA 2 environment. All properties will per default be traversable.
2019-04-21 14:45:24 [main] DEBUG org.hibernate.validator.messageinterpolation.ResourceBundleMessageInterpolator - Loaded expression factory via original TCCL
2019-04-21 14:45:24 [main] DEBUG org.hibernate.validator.internal.engine.resolver.TraversableResolvers - Cannot find javax.persistence.Persistence on classpath. Assuming non JPA 2 environment. All properties will per default be traversable.
2019-04-21 14:45:24 [main] DEBUG org.hibernate.validator.internal.engine.ConfigurationImpl - Setting custom MessageInterpolator of type org.springframework.validation.beanvalidation.LocaleContextMessageInterpolator
2019-04-21 14:45:24 [main] DEBUG org.hibernate.validator.internal.engine.ConfigurationImpl - Setting custom ConstraintValidatorFactory of type org.springframework.validation.beanvalidation.SpringConstraintValidatorFactory
2019-04-21 14:45:24 [main] DEBUG org.hibernate.validator.internal.engine.ConfigurationImpl - Setting custom ParameterNameProvider of type org.springframework.validation.beanvalidation.LocalValidatorFactoryBean$1
2019-04-21 14:45:24 [main] DEBUG org.hibernate.validator.internal.xml.ValidationXmlParser - Trying to load META-INF/validation.xml for XML based Validator configuration.
2019-04-21 14:45:24 [main] DEBUG org.hibernate.validator.internal.xml.ResourceLoaderHelper - Trying to load META-INF/validation.xml via user class loader
2019-04-21 14:45:24 [main] DEBUG org.hibernate.validator.internal.xml.ResourceLoaderHelper - Trying to load META-INF/validation.xml via TCCL
2019-04-21 14:45:24 [main] DEBUG org.hibernate.validator.internal.xml.ResourceLoaderHelper - Trying to load META-INF/validation.xml via Hibernate Validator's class loader
2019-04-21 14:45:24 [main] DEBUG org.hibernate.validator.internal.xml.ValidationXmlParser - No META-INF/validation.xml found. Using annotation based configuration only.
2019-04-21 14:45:24 [main] DEBUG org.hibernate.validator.internal.engine.ValidatorFactoryImpl - HV000234: Using org.springframework.validation.beanvalidation.LocaleContextMessageInterpolator as ValidatorFactory-scoped message interpolator.
2019-04-21 14:45:24 [main] DEBUG org.hibernate.validator.internal.engine.ValidatorFactoryImpl - HV000234: Using org.hibernate.validator.internal.engine.resolver.TraverseAllTraversableResolver as ValidatorFactory-scoped traversable resolver.
2019-04-21 14:45:24 [main] DEBUG org.hibernate.validator.internal.engine.ValidatorFactoryImpl - HV000234: Using org.hibernate.validator.internal.util.ExecutableParameterNameProvider as ValidatorFactory-scoped parameter name provider.
2019-04-21 14:45:24 [main] DEBUG org.hibernate.validator.internal.engine.ValidatorFactoryImpl - HV000234: Using org.hibernate.validator.internal.engine.DefaultClockProvider as ValidatorFactory-scoped clock provider.
2019-04-21 14:45:24 [main] DEBUG org.hibernate.validator.internal.engine.ValidatorFactoryImpl - HV000234: Using org.hibernate.validator.internal.engine.scripting.DefaultScriptEvaluatorFactory as ValidatorFactory-scoped script evaluator factory.
2019-04-21 14:45:26 [main] DEBUG com.zaxxer.hikari.HikariConfig - DatebookHikariCP - configuration:
2019-04-21 14:45:26 [main] DEBUG com.zaxxer.hikari.HikariConfig - allowPoolSuspension.............false
2019-04-21 14:45:26 [main] DEBUG com.zaxxer.hikari.HikariConfig - autoCommit......................true
2019-04-21 14:45:26 [main] DEBUG com.zaxxer.hikari.HikariConfig - catalog.........................none
2019-04-21 14:45:26 [main] DEBUG com.zaxxer.hikari.HikariConfig - connectionInitSql...............none
2019-04-21 14:45:26 [main] DEBUG com.zaxxer.hikari.HikariConfig - connectionTestQuery............."SELECT 1"
2019-04-21 14:45:26 [main] DEBUG com.zaxxer.hikari.HikariConfig - connectionTimeout...............30000
2019-04-21 14:45:26 [main] DEBUG com.zaxxer.hikari.HikariConfig - dataSource......................none
2019-04-21 14:45:26 [main] DEBUG com.zaxxer.hikari.HikariConfig - dataSourceClassName.............none
2019-04-21 14:45:26 [main] DEBUG com.zaxxer.hikari.HikariConfig - dataSourceJNDI..................none
2019-04-21 14:45:26 [main] DEBUG com.zaxxer.hikari.HikariConfig - dataSourceProperties............{password=<masked>}
2019-04-21 14:45:26 [main] DEBUG com.zaxxer.hikari.HikariConfig - driverClassName................."com.mysql.jdbc.Driver"
2019-04-21 14:45:26 [main] DEBUG com.zaxxer.hikari.HikariConfig - healthCheckProperties...........{}
2019-04-21 14:45:26 [main] DEBUG com.zaxxer.hikari.HikariConfig - healthCheckRegistry.............none
2019-04-21 14:45:26 [main] DEBUG com.zaxxer.hikari.HikariConfig - idleTimeout.....................30000
2019-04-21 14:45:26 [main] DEBUG com.zaxxer.hikari.HikariConfig - initializationFailFast..........true
2019-04-21 14:45:26 [main] DEBUG com.zaxxer.hikari.HikariConfig - initializationFailTimeout.......1
2019-04-21 14:45:26 [main] DEBUG com.zaxxer.hikari.HikariConfig - isolateInternalQueries..........false
2019-04-21 14:45:26 [main] DEBUG com.zaxxer.hikari.HikariConfig - jdbc4ConnectionTest.............false
2019-04-21 14:45:26 [main] DEBUG com.zaxxer.hikari.HikariConfig - jdbcUrl.........................jdbc:mysql://192.168.6.130:3306/technology_mall_goods?characterEncoding=utf-8
2019-04-21 14:45:26 [main] DEBUG com.zaxxer.hikari.HikariConfig - leakDetectionThreshold..........0
2019-04-21 14:45:26 [main] DEBUG com.zaxxer.hikari.HikariConfig - maxLifetime.....................1800000
2019-04-21 14:45:26 [main] DEBUG com.zaxxer.hikari.HikariConfig - maximumPoolSize.................15
2019-04-21 14:45:26 [main] DEBUG com.zaxxer.hikari.HikariConfig - metricRegistry..................none
2019-04-21 14:45:26 [main] DEBUG com.zaxxer.hikari.HikariConfig - metricsTrackerFactory...........none
2019-04-21 14:45:26 [main] DEBUG com.zaxxer.hikari.HikariConfig - minimumIdle.....................5
2019-04-21 14:45:26 [main] DEBUG com.zaxxer.hikari.HikariConfig - password........................<masked>
2019-04-21 14:45:26 [main] DEBUG com.zaxxer.hikari.HikariConfig - poolName........................"DatebookHikariCP"
2019-04-21 14:45:26 [main] DEBUG com.zaxxer.hikari.HikariConfig - readOnly........................false
2019-04-21 14:45:26 [main] DEBUG com.zaxxer.hikari.HikariConfig - registerMbeans..................false
2019-04-21 14:45:26 [main] DEBUG com.zaxxer.hikari.HikariConfig - scheduledExecutor...............none
2019-04-21 14:45:26 [main] DEBUG com.zaxxer.hikari.HikariConfig - scheduledExecutorService........internal
2019-04-21 14:45:26 [main] DEBUG com.zaxxer.hikari.HikariConfig - schema..........................none
2019-04-21 14:45:26 [main] DEBUG com.zaxxer.hikari.HikariConfig - threadFactory...................internal
2019-04-21 14:45:26 [main] DEBUG com.zaxxer.hikari.HikariConfig - transactionIsolation............default
2019-04-21 14:45:26 [main] DEBUG com.zaxxer.hikari.HikariConfig - username........................"root"
2019-04-21 14:45:26 [main] DEBUG com.zaxxer.hikari.HikariConfig - validationTimeout...............5000
2019-04-21 14:45:26 [main] DEBUG com.zaxxer.hikari.pool.HikariPool - DatebookHikariCP - Added connection com.mysql.jdbc.JDBC4Connection@72b43104
2019-04-21 14:45:26 [main] DEBUG com.tmall.infrastructure.dao.CategoryMapper.selectByPrimaryKey - ==>  Preparing: select category_id, parent_category_id, category_name, is_show, sort_order, is_delete, commission_rate, create_time, update_time from goods_category where category_id = ? 
2019-04-21 14:45:26 [main] DEBUG com.tmall.infrastructure.dao.CategoryMapper.selectByPrimaryKey - ==> Parameters: 1(Integer)
2019-04-21 14:45:26 [main] DEBUG com.tmall.infrastructure.dao.CategoryMapper.selectByPrimaryKey - <==      Total: 1
2019-04-21 14:45:26 [Thread-2] DEBUG com.zaxxer.hikari.pool.HikariPool - DatebookHikariCP - Before shutdown stats (total=1, active=0, idle=1, waiting=0)
2019-04-21 14:45:26 [DatebookHikariCP connection closer] DEBUG com.zaxxer.hikari.pool.PoolBase - DatebookHikariCP - Closing connection com.mysql.jdbc.JDBC4Connection@72b43104: (connection evicted)
2019-04-21 14:45:26 [Thread-2] DEBUG com.zaxxer.hikari.pool.HikariPool - DatebookHikariCP - After shutdown stats (total=0, active=0, idle=0, waiting=0)
2019-04-21 14:46:07 [background-preinit] DEBUG org.hibernate.validator.messageinterpolation.ResourceBundleMessageInterpolator - Loaded expression factory via original TCCL
2019-04-21 14:46:07 [main] DEBUG com.tmall.GoodsServiceApplicationTests - Running with Spring Boot v2.0.3.RELEASE, Spring v5.0.7.RELEASE
2019-04-21 14:46:07 [background-preinit] DEBUG org.hibernate.validator.internal.engine.ValidatorFactoryImpl - HV000234: Using org.hibernate.validator.messageinterpolation.ResourceBundleMessageInterpolator as ValidatorFactory-scoped message interpolator.
2019-04-21 14:46:07 [background-preinit] DEBUG org.hibernate.validator.internal.engine.ValidatorFactoryImpl - HV000234: Using org.hibernate.validator.internal.engine.resolver.TraverseAllTraversableResolver as ValidatorFactory-scoped traversable resolver.
2019-04-21 14:46:07 [background-preinit] DEBUG org.hibernate.validator.internal.engine.ValidatorFactoryImpl - HV000234: Using org.hibernate.validator.internal.util.ExecutableParameterNameProvider as ValidatorFactory-scoped parameter name provider.
2019-04-21 14:46:07 [background-preinit] DEBUG org.hibernate.validator.internal.engine.ValidatorFactoryImpl - HV000234: Using org.hibernate.validator.internal.engine.DefaultClockProvider as ValidatorFactory-scoped clock provider.
2019-04-21 14:46:07 [background-preinit] DEBUG org.hibernate.validator.internal.engine.ValidatorFactoryImpl - HV000234: Using org.hibernate.validator.internal.engine.scripting.DefaultScriptEvaluatorFactory as ValidatorFactory-scoped script evaluator factory.
2019-04-21 14:46:08 [main] DEBUG com.zaxxer.hikari.HikariConfig - Driver class com.mysql.jdbc.Driver found in Thread context class loader sun.misc.Launcher$AppClassLoader@18b4aac2
2019-04-21 14:46:09 [main] DEBUG org.hibernate.validator.internal.engine.resolver.TraversableResolvers - Cannot find javax.persistence.Persistence on classpath. Assuming non JPA 2 environment. All properties will per default be traversable.
2019-04-21 14:46:09 [main] DEBUG org.hibernate.validator.messageinterpolation.ResourceBundleMessageInterpolator - Loaded expression factory via original TCCL
2019-04-21 14:46:09 [main] DEBUG org.hibernate.validator.internal.engine.resolver.TraversableResolvers - Cannot find javax.persistence.Persistence on classpath. Assuming non JPA 2 environment. All properties will per default be traversable.
2019-04-21 14:46:09 [main] DEBUG org.hibernate.validator.internal.engine.ConfigurationImpl - Setting custom MessageInterpolator of type org.springframework.validation.beanvalidation.LocaleContextMessageInterpolator
2019-04-21 14:46:09 [main] DEBUG org.hibernate.validator.internal.engine.ConfigurationImpl - Setting custom ConstraintValidatorFactory of type org.springframework.validation.beanvalidation.SpringConstraintValidatorFactory
2019-04-21 14:46:09 [main] DEBUG org.hibernate.validator.internal.engine.ConfigurationImpl - Setting custom ParameterNameProvider of type org.springframework.validation.beanvalidation.LocalValidatorFactoryBean$1
2019-04-21 14:46:09 [main] DEBUG org.hibernate.validator.internal.xml.ValidationXmlParser - Trying to load META-INF/validation.xml for XML based Validator configuration.
2019-04-21 14:46:09 [main] DEBUG org.hibernate.validator.internal.xml.ResourceLoaderHelper - Trying to load META-INF/validation.xml via user class loader
2019-04-21 14:46:09 [main] DEBUG org.hibernate.validator.internal.xml.ResourceLoaderHelper - Trying to load META-INF/validation.xml via TCCL
2019-04-21 14:46:09 [main] DEBUG org.hibernate.validator.internal.xml.ResourceLoaderHelper - Trying to load META-INF/validation.xml via Hibernate Validator's class loader
2019-04-21 14:46:09 [main] DEBUG org.hibernate.validator.internal.xml.ValidationXmlParser - No META-INF/validation.xml found. Using annotation based configuration only.
2019-04-21 14:46:09 [main] DEBUG org.hibernate.validator.internal.engine.ValidatorFactoryImpl - HV000234: Using org.springframework.validation.beanvalidation.LocaleContextMessageInterpolator as ValidatorFactory-scoped message interpolator.
2019-04-21 14:46:09 [main] DEBUG org.hibernate.validator.internal.engine.ValidatorFactoryImpl - HV000234: Using org.hibernate.validator.internal.engine.resolver.TraverseAllTraversableResolver as ValidatorFactory-scoped traversable resolver.
2019-04-21 14:46:09 [main] DEBUG org.hibernate.validator.internal.engine.ValidatorFactoryImpl - HV000234: Using org.hibernate.validator.internal.util.ExecutableParameterNameProvider as ValidatorFactory-scoped parameter name provider.
2019-04-21 14:46:09 [main] DEBUG org.hibernate.validator.internal.engine.ValidatorFactoryImpl - HV000234: Using org.hibernate.validator.internal.engine.DefaultClockProvider as ValidatorFactory-scoped clock provider.
2019-04-21 14:46:09 [main] DEBUG org.hibernate.validator.internal.engine.ValidatorFactoryImpl - HV000234: Using org.hibernate.validator.internal.engine.scripting.DefaultScriptEvaluatorFactory as ValidatorFactory-scoped script evaluator factory.
2019-04-21 14:46:10 [main] DEBUG com.zaxxer.hikari.HikariConfig - DatebookHikariCP - configuration:
2019-04-21 14:46:10 [main] DEBUG com.zaxxer.hikari.HikariConfig - allowPoolSuspension.............false
2019-04-21 14:46:10 [main] DEBUG com.zaxxer.hikari.HikariConfig - autoCommit......................true
2019-04-21 14:46:10 [main] DEBUG com.zaxxer.hikari.HikariConfig - catalog.........................none
2019-04-21 14:46:10 [main] DEBUG com.zaxxer.hikari.HikariConfig - connectionInitSql...............none
2019-04-21 14:46:10 [main] DEBUG com.zaxxer.hikari.HikariConfig - connectionTestQuery............."SELECT 1"
2019-04-21 14:46:10 [main] DEBUG com.zaxxer.hikari.HikariConfig - connectionTimeout...............30000
2019-04-21 14:46:10 [main] DEBUG com.zaxxer.hikari.HikariConfig - dataSource......................none
2019-04-21 14:46:10 [main] DEBUG com.zaxxer.hikari.HikariConfig - dataSourceClassName.............none
2019-04-21 14:46:10 [main] DEBUG com.zaxxer.hikari.HikariConfig - dataSourceJNDI..................none
2019-04-21 14:46:10 [main] DEBUG com.zaxxer.hikari.HikariConfig - dataSourceProperties............{password=<masked>}
2019-04-21 14:46:10 [main] DEBUG com.zaxxer.hikari.HikariConfig - driverClassName................."com.mysql.jdbc.Driver"
2019-04-21 14:46:10 [main] DEBUG com.zaxxer.hikari.HikariConfig - healthCheckProperties...........{}
2019-04-21 14:46:10 [main] DEBUG com.zaxxer.hikari.HikariConfig - healthCheckRegistry.............none
2019-04-21 14:46:10 [main] DEBUG com.zaxxer.hikari.HikariConfig - idleTimeout.....................30000
2019-04-21 14:46:10 [main] DEBUG com.zaxxer.hikari.HikariConfig - initializationFailFast..........true
2019-04-21 14:46:10 [main] DEBUG com.zaxxer.hikari.HikariConfig - initializationFailTimeout.......1
2019-04-21 14:46:10 [main] DEBUG com.zaxxer.hikari.HikariConfig - isolateInternalQueries..........false
2019-04-21 14:46:10 [main] DEBUG com.zaxxer.hikari.HikariConfig - jdbc4ConnectionTest.............false
2019-04-21 14:46:10 [main] DEBUG com.zaxxer.hikari.HikariConfig - jdbcUrl.........................jdbc:mysql://192.168.6.130:3306/technology_mall_goods?characterEncoding=utf-8
2019-04-21 14:46:10 [main] DEBUG com.zaxxer.hikari.HikariConfig - leakDetectionThreshold..........0
2019-04-21 14:46:10 [main] DEBUG com.zaxxer.hikari.HikariConfig - maxLifetime.....................1800000
2019-04-21 14:46:10 [main] DEBUG com.zaxxer.hikari.HikariConfig - maximumPoolSize.................15
2019-04-21 14:46:10 [main] DEBUG com.zaxxer.hikari.HikariConfig - metricRegistry..................none
2019-04-21 14:46:10 [main] DEBUG com.zaxxer.hikari.HikariConfig - metricsTrackerFactory...........none
2019-04-21 14:46:10 [main] DEBUG com.zaxxer.hikari.HikariConfig - minimumIdle.....................5
2019-04-21 14:46:10 [main] DEBUG com.zaxxer.hikari.HikariConfig - password........................<masked>
2019-04-21 14:46:10 [main] DEBUG com.zaxxer.hikari.HikariConfig - poolName........................"DatebookHikariCP"
2019-04-21 14:46:10 [main] DEBUG com.zaxxer.hikari.HikariConfig - readOnly........................false
2019-04-21 14:46:10 [main] DEBUG com.zaxxer.hikari.HikariConfig - registerMbeans..................false
2019-04-21 14:46:10 [main] DEBUG com.zaxxer.hikari.HikariConfig - scheduledExecutor...............none
2019-04-21 14:46:10 [main] DEBUG com.zaxxer.hikari.HikariConfig - scheduledExecutorService........internal
2019-04-21 14:46:10 [main] DEBUG com.zaxxer.hikari.HikariConfig - schema..........................none
2019-04-21 14:46:10 [main] DEBUG com.zaxxer.hikari.HikariConfig - threadFactory...................internal
2019-04-21 14:46:10 [main] DEBUG com.zaxxer.hikari.HikariConfig - transactionIsolation............default
2019-04-21 14:46:10 [main] DEBUG com.zaxxer.hikari.HikariConfig - username........................"root"
2019-04-21 14:46:10 [main] DEBUG com.zaxxer.hikari.HikariConfig - validationTimeout...............5000
2019-04-21 14:46:10 [main] DEBUG com.zaxxer.hikari.pool.HikariPool - DatebookHikariCP - Added connection com.mysql.jdbc.JDBC4Connection@42383cb0
2019-04-21 14:46:10 [main] DEBUG com.tmall.infrastructure.dao.CategoryMapper.selectByPrimaryKey - ==>  Preparing: select category_id, parent_category_id, category_name, is_show, sort_order, is_delete, commission_rate, create_time, update_time from goods_category where category_id = ? 
2019-04-21 14:46:10 [main] DEBUG com.tmall.infrastructure.dao.CategoryMapper.selectByPrimaryKey - ==> Parameters: 1(Integer)
2019-04-21 14:46:10 [main] DEBUG com.tmall.infrastructure.dao.CategoryMapper.selectByPrimaryKey - <==      Total: 1
2019-04-21 14:46:10 [Thread-2] DEBUG com.zaxxer.hikari.pool.HikariPool - DatebookHikariCP - Before shutdown stats (total=1, active=0, idle=1, waiting=0)
2019-04-21 14:46:10 [DatebookHikariCP connection closer] DEBUG com.zaxxer.hikari.pool.PoolBase - DatebookHikariCP - Closing connection com.mysql.jdbc.JDBC4Connection@42383cb0: (connection evicted)
2019-04-21 14:46:10 [Thread-2] DEBUG com.zaxxer.hikari.pool.HikariPool - DatebookHikariCP - After shutdown stats (total=0, active=0, idle=0, waiting=0)
